<?xml version="1.0" encoding="UTF-8"?>
<testsuite name="testRunner.cucumberRunner" time="0.008" tests="9" errors="2" skipped="2" failures="0">
  <properties>
    <property name="java.runtime.name" value="Java(TM) SE Runtime Environment"/>
    <property name="sun.boot.library.path" value="/Library/Java/JavaVirtualMachines/jdk1.8.0_211.jdk/Contents/Home/jre/lib"/>
    <property name="java.vm.version" value="25.211-b12"/>
    <property name="gopherProxySet" value="false"/>
    <property name="java.vm.vendor" value="Oracle Corporation"/>
    <property name="maven.multiModuleProjectDirectory" value="/Users/760063/eclipse-workspace/cucumberOnSelenium"/>
    <property name="java.vendor.url" value="http://java.oracle.com/"/>
    <property name="path.separator" value=":"/>
    <property name="guice.disable.misplaced.annotation.check" value="true"/>
    <property name="java.vm.name" value="Java HotSpot(TM) 64-Bit Server VM"/>
    <property name="file.encoding.pkg" value="sun.io"/>
    <property name="user.country" value="IN"/>
    <property name="sun.java.launcher" value="SUN_STANDARD"/>
    <property name="sun.os.patch.level" value="unknown"/>
    <property name="java.vm.specification.name" value="Java Virtual Machine Specification"/>
    <property name="user.dir" value="/Users/760063/eclipse-workspace/cucumberOnSelenium"/>
    <property name="java.runtime.version" value="1.8.0_211-b12"/>
    <property name="java.awt.graphicsenv" value="sun.awt.CGraphicsEnvironment"/>
    <property name="java.endorsed.dirs" value="/Library/Java/JavaVirtualMachines/jdk1.8.0_211.jdk/Contents/Home/jre/lib/endorsed"/>
    <property name="os.arch" value="x86_64"/>
    <property name="java.io.tmpdir" value="/var/folders/c9/2sqzsmpx0tq109d9_sqwy8zxj4b6zz/T/"/>
    <property name="line.separator" value="&#10;"/>
    <property name="java.vm.specification.vendor" value="Oracle Corporation"/>
    <property name="os.name" value="Mac OS X"/>
    <property name="classworlds.conf" value="/Users/760063/eclipse-workspace/.metadata/.plugins/org.eclipse.m2e.launching/launches/m2conf7928384223437380394.tmp"/>
    <property name="sun.jnu.encoding" value="UTF-8"/>
    <property name="java.library.path" value="/Users/760063/Library/Java/Extensions:/Library/Java/Extensions:/Network/Library/Java/Extensions:/System/Library/Java/Extensions:/usr/lib/java:."/>
    <property name="java.specification.name" value="Java Platform API Specification"/>
    <property name="java.class.version" value="52.0"/>
    <property name="sun.management.compiler" value="HotSpot 64-Bit Tiered Compilers"/>
    <property name="os.version" value="10.14.5"/>
    <property name="user.home" value="/Users/760063"/>
    <property name="user.timezone" value="Asia/Kolkata"/>
    <property name="java.awt.printerjob" value="sun.lwawt.macosx.CPrinterJob"/>
    <property name="java.specification.version" value="1.8"/>
    <property name="file.encoding" value="UTF-8"/>
    <property name="user.name" value="760063"/>
    <property name="java.class.path" value="/Users/760063/Downloads/Eclipse/Eclipse.app/Contents/Eclipse/plugins/org.eclipse.m2e.maven.runtime_1.8.3.20180227-2135/jars/plexus-classworlds-2.5.2.jar"/>
    <property name="java.vm.specification.version" value="1.8"/>
    <property name="sun.arch.data.model" value="64"/>
    <property name="java.home" value="/Library/Java/JavaVirtualMachines/jdk1.8.0_211.jdk/Contents/Home/jre"/>
    <property name="sun.java.command" value="org.codehaus.plexus.classworlds.launcher.Launcher -B test"/>
    <property name="java.specification.vendor" value="Oracle Corporation"/>
    <property name="user.language" value="en"/>
    <property name="awt.toolkit" value="sun.lwawt.macosx.LWCToolkit"/>
    <property name="java.vm.info" value="mixed mode"/>
    <property name="java.version" value="1.8.0_211"/>
    <property name="java.ext.dirs" value="/Users/760063/Library/Java/Extensions:/Library/Java/JavaVirtualMachines/jdk1.8.0_211.jdk/Contents/Home/jre/lib/ext:/Library/Java/Extensions:/Network/Library/Java/Extensions:/System/Library/Java/Extensions:/usr/lib/java"/>
    <property name="sun.boot.class.path" value="/Library/Java/JavaVirtualMachines/jdk1.8.0_211.jdk/Contents/Home/jre/lib/resources.jar:/Library/Java/JavaVirtualMachines/jdk1.8.0_211.jdk/Contents/Home/jre/lib/rt.jar:/Library/Java/JavaVirtualMachines/jdk1.8.0_211.jdk/Contents/Home/jre/lib/sunrsasign.jar:/Library/Java/JavaVirtualMachines/jdk1.8.0_211.jdk/Contents/Home/jre/lib/jsse.jar:/Library/Java/JavaVirtualMachines/jdk1.8.0_211.jdk/Contents/Home/jre/lib/jce.jar:/Library/Java/JavaVirtualMachines/jdk1.8.0_211.jdk/Contents/Home/jre/lib/charsets.jar:/Library/Java/JavaVirtualMachines/jdk1.8.0_211.jdk/Contents/Home/jre/lib/jfr.jar:/Library/Java/JavaVirtualMachines/jdk1.8.0_211.jdk/Contents/Home/jre/classes"/>
    <property name="java.vendor" value="Oracle Corporation"/>
    <property name="maven.home" value="/Users/760063/eclipse-workspace/cucumberOnSelenium/EMBEDDED"/>
    <property name="file.separator" value="/"/>
    <property name="java.vendor.url.bug" value="http://bugreport.sun.com/bugreport/"/>
    <property name="sun.cpu.endian" value="little"/>
    <property name="sun.io.unicode.encoding" value="UnicodeBig"/>
    <property name="sun.cpu.isalist" value=""/>
  </properties>
  <testcase name="Given Application URL &amp; driver details from Configuration file" classname="Scenario: launch the browser in Chrome" time="0.002"/>
  <testcase name="Given Application URL &amp; driver details from Configuration file" classname="Scenario: launch the browser in Chrome" time="0"/>
  <testcase name="When launch the application on browser" classname="Scenario: launch the browser in Chrome" time="0.003">
    <error type="java.lang.NullPointerException:">java.lang.NullPointerException: null
	at commonUtility.base.accessApplicationURL(base.java:40)
	at stepDefination.stepDefination.launch_the_application_on_browser(stepDefination.java:46)
	at ✽.When launch the application on browser(src/test/resources/feature/google.feature:9)
</error>
    <system-out><![CDATA[Broswer input is from pom.xml == ${project.browserName}
From Jenkinchrome
]]></system-out>
  </testcase>
  <testcase name="Scenario: launch the browser in Chrome" classname="Scenario: launch the browser in Chrome" time="0.003">
    <error type="java.lang.NullPointerException:">java.lang.NullPointerException: null
	at commonUtility.base.accessApplicationURL(base.java:40)
	at stepDefination.stepDefination.launch_the_application_on_browser(stepDefination.java:46)
	at ✽.When launch the application on browser(src/test/resources/feature/google.feature:9)
</error>
  </testcase>
  <testcase name="Then navigate to forWork Page" classname="Scenario: launch the browser in Chrome" time="0">
    <skipped/>
  </testcase>
  <testcase name="And Click on Get Started button" classname="Scenario: launch the browser in Chrome" time="0">
    <skipped/>
  </testcase>
  <testcase name="Given Application URL &amp; driver details from Configuration file" classname="Scenario: launch the browser in Firefox" time="0"/>
  <testcase name="Given Application URL &amp; driver details from Configuration file" classname="Scenario: launch the browser in Firefox" time="0"/>
  <testcase name="Scenario: launch the browser in Firefox" classname="Scenario: launch the browser in Firefox" time="0"/>
</testsuite>